<?xml version="1.0" encoding="UTF-8"?>
<robot generator="Robot 3.2.2 (Python 3.9.1 on win32)" generated="20210309 01:06:09.717" rpa="false">
<suite id="s1" name="Employee" source="C:\Automation_Test\firstone\TestCase\Employee.robot">
<test id="s1-t1" name="Test Setup">
<kw name="Open appliaction" library="loginkey">
<kw name="Open Browser" library="SeleniumLibrary">
<doc>Opens a new browser instance to the optional ``url``.</doc>
<arguments>
<arg>${url}</arg>
<arg>${browser}</arg>
</arguments>
<msg timestamp="20210309 01:06:10.061" level="INFO">Opening browser 'chrome' to base url 'https://cognizant-82015.appiancloud.com/suite/sites/iWork'.</msg>
<status status="PASS" starttime="20210309 01:06:10.061" endtime="20210309 01:06:14.080"></status>
</kw>
<kw name="Maximize Browser Window" library="SeleniumLibrary">
<doc>Maximizes current browser window.</doc>
<status status="PASS" starttime="20210309 01:06:14.080" endtime="20210309 01:06:14.200"></status>
</kw>
<status status="PASS" starttime="20210309 01:06:10.061" endtime="20210309 01:06:14.201"></status>
</kw>
<status status="PASS" starttime="20210309 01:06:10.061" endtime="20210309 01:06:14.201" critical="yes"></status>
</test>
<test id="s1-t2" name="Creating employee file a case">
<kw name="Given Username field" library="loginkey">
<arguments>
<arg>${username}</arg>
</arguments>
<kw name="Sleep" library="BuiltIn">
<doc>Pauses the test executed for the given time.</doc>
<arguments>
<arg>3</arg>
</arguments>
<msg timestamp="20210309 01:06:17.204" level="INFO">Slept 3 seconds</msg>
<status status="PASS" starttime="20210309 01:06:14.204" endtime="20210309 01:06:17.204"></status>
</kw>
<kw name="Input Text" library="SeleniumLibrary">
<doc>Types the given ``text`` into the text field identified by ``locator``.</doc>
<arguments>
<arg>${txt_un}</arg>
<arg>${username}</arg>
</arguments>
<msg timestamp="20210309 01:06:17.204" level="INFO">Typing text 'iw_employee1' into text field 'id:un'.</msg>
<status status="PASS" starttime="20210309 01:06:17.204" endtime="20210309 01:06:17.276"></status>
</kw>
<status status="PASS" starttime="20210309 01:06:14.203" endtime="20210309 01:06:17.277"></status>
</kw>
<kw name="And Password field" library="loginkey">
<arguments>
<arg>${password}</arg>
</arguments>
<kw name="Input Text" library="SeleniumLibrary">
<doc>Types the given ``text`` into the text field identified by ``locator``.</doc>
<arguments>
<arg>${txt_pw}</arg>
<arg>${password}</arg>
</arguments>
<msg timestamp="20210309 01:06:17.278" level="INFO">Typing text 'Appian@123' into text field 'id:pw'.</msg>
<status status="PASS" starttime="20210309 01:06:17.278" endtime="20210309 01:06:17.360"></status>
</kw>
<status status="PASS" starttime="20210309 01:06:17.277" endtime="20210309 01:06:17.360"></status>
</kw>
<kw name="And Click On Login Button" library="loginkey">
<kw name="Click Element" library="SeleniumLibrary">
<doc>Click the element identified by ``locator``.</doc>
<arguments>
<arg>${bt_login}</arg>
</arguments>
<msg timestamp="20210309 01:06:17.361" level="INFO">Clicking element 'xpath://input[@type='submit']'.</msg>
<status status="PASS" starttime="20210309 01:06:17.361" endtime="20210309 01:06:21.657"></status>
</kw>
<status status="PASS" starttime="20210309 01:06:17.360" endtime="20210309 01:06:21.657"></status>
</kw>
<kw name="When Click On File A Case" library="hompagekey">
<kw name="Set Selenium Speed" library="SeleniumLibrary">
<doc>Sets the delay that is waited after each Selenium command.</doc>
<arguments>
<arg>1</arg>
</arguments>
<status status="PASS" starttime="20210309 01:06:21.658" endtime="20210309 01:06:21.659"></status>
</kw>
<kw name="${i} IN RANGE [ 1 | 19 ]" type="for">
<msg timestamp="20210309 01:06:21.659" level="WARN">Error in file 'C:\Automation_Test\firstone\Resources\hompagekey.robot' in FOR loop starting on line 9: For loop header ': FOR' is deprecated. Use 'FOR' instead.</msg>
<msg timestamp="20210309 01:06:21.659" level="WARN">Error in file 'C:\Automation_Test\firstone\Resources\hompagekey.robot' in FOR loop starting on line 9: Marking for loop body with '\' is deprecated. Remove markers and use 'END' instead.</msg>
<kw name="${i} = 1" type="foritem">
<kw name="Press Keys" library="SeleniumLibrary">
<doc>Simulates the user pressing key(s) to an element or on the active browser.</doc>
<arguments>
<arg>None</arg>
<arg>TAB</arg>
</arguments>
<msg timestamp="20210309 01:06:21.661" level="INFO">Sending key(s) ('TAB',) to page.</msg>
<msg timestamp="20210309 01:06:21.661" level="INFO">Pressing special key TAB to browser.</msg>
<msg timestamp="20210309 01:06:21.661" level="INFO">Releasing special key TAB.</msg>
<status status="PASS" starttime="20210309 01:06:21.661" endtime="20210309 01:06:22.674"></status>
</kw>
<status status="PASS" starttime="20210309 01:06:21.661" endtime="20210309 01:06:22.674"></status>
</kw>
<kw name="${i} = 2" type="foritem">
<kw name="Press Keys" library="SeleniumLibrary">
<doc>Simulates the user pressing key(s) to an element or on the active browser.</doc>
<arguments>
<arg>None</arg>
<arg>TAB</arg>
</arguments>
<msg timestamp="20210309 01:06:22.674" level="INFO">Sending key(s) ('TAB',) to page.</msg>
<msg timestamp="20210309 01:06:22.674" level="INFO">Pressing special key TAB to browser.</msg>
<msg timestamp="20210309 01:06:22.674" level="INFO">Releasing special key TAB.</msg>
<status status="PASS" starttime="20210309 01:06:22.674" endtime="20210309 01:06:23.682"></status>
</kw>
<status status="PASS" starttime="20210309 01:06:22.674" endtime="20210309 01:06:23.682"></status>
</kw>
<kw name="${i} = 3" type="foritem">
<kw name="Press Keys" library="SeleniumLibrary">
<doc>Simulates the user pressing key(s) to an element or on the active browser.</doc>
<arguments>
<arg>None</arg>
<arg>TAB</arg>
</arguments>
<msg timestamp="20210309 01:06:23.683" level="INFO">Sending key(s) ('TAB',) to page.</msg>
<msg timestamp="20210309 01:06:23.683" level="INFO">Pressing special key TAB to browser.</msg>
<msg timestamp="20210309 01:06:23.683" level="INFO">Releasing special key TAB.</msg>
<status status="PASS" starttime="20210309 01:06:23.682" endtime="20210309 01:06:25.728"></status>
</kw>
<status status="PASS" starttime="20210309 01:06:23.682" endtime="20210309 01:06:25.728"></status>
</kw>
<kw name="${i} = 4" type="foritem">
<kw name="Press Keys" library="SeleniumLibrary">
<doc>Simulates the user pressing key(s) to an element or on the active browser.</doc>
<arguments>
<arg>None</arg>
<arg>TAB</arg>
</arguments>
<msg timestamp="20210309 01:06:25.729" level="INFO">Sending key(s) ('TAB',) to page.</msg>
<msg timestamp="20210309 01:06:25.729" level="INFO">Pressing special key TAB to browser.</msg>
<msg timestamp="20210309 01:06:25.729" level="INFO">Releasing special key TAB.</msg>
<status status="PASS" starttime="20210309 01:06:25.728" endtime="20210309 01:06:26.742"></status>
</kw>
<status status="PASS" starttime="20210309 01:06:25.728" endtime="20210309 01:06:26.742"></status>
</kw>
<kw name="${i} = 5" type="foritem">
<kw name="Press Keys" library="SeleniumLibrary">
<doc>Simulates the user pressing key(s) to an element or on the active browser.</doc>
<arguments>
<arg>None</arg>
<arg>TAB</arg>
</arguments>
<msg timestamp="20210309 01:06:26.743" level="INFO">Sending key(s) ('TAB',) to page.</msg>
<msg timestamp="20210309 01:06:26.743" level="INFO">Pressing special key TAB to browser.</msg>
<msg timestamp="20210309 01:06:26.743" level="INFO">Releasing special key TAB.</msg>
<status status="PASS" starttime="20210309 01:06:26.743" endtime="20210309 01:06:27.756"></status>
</kw>
<status status="PASS" starttime="20210309 01:06:26.742" endtime="20210309 01:06:27.756"></status>
</kw>
<kw name="${i} = 6" type="foritem">
<kw name="Press Keys" library="SeleniumLibrary">
<doc>Simulates the user pressing key(s) to an element or on the active browser.</doc>
<arguments>
<arg>None</arg>
<arg>TAB</arg>
</arguments>
<msg timestamp="20210309 01:06:27.756" level="INFO">Sending key(s) ('TAB',) to page.</msg>
<msg timestamp="20210309 01:06:27.756" level="INFO">Pressing special key TAB to browser.</msg>
<msg timestamp="20210309 01:06:27.756" level="INFO">Releasing special key TAB.</msg>
<status status="PASS" starttime="20210309 01:06:27.756" endtime="20210309 01:06:28.766"></status>
</kw>
<status status="PASS" starttime="20210309 01:06:27.756" endtime="20210309 01:06:28.766"></status>
</kw>
<kw name="${i} = 7" type="foritem">
<kw name="Press Keys" library="SeleniumLibrary">
<doc>Simulates the user pressing key(s) to an element or on the active browser.</doc>
<arguments>
<arg>None</arg>
<arg>TAB</arg>
</arguments>
<msg timestamp="20210309 01:06:28.766" level="INFO">Sending key(s) ('TAB',) to page.</msg>
<msg timestamp="20210309 01:06:28.766" level="INFO">Pressing special key TAB to browser.</msg>
<msg timestamp="20210309 01:06:28.766" level="INFO">Releasing special key TAB.</msg>
<status status="PASS" starttime="20210309 01:06:28.766" endtime="20210309 01:06:29.779"></status>
</kw>
<status status="PASS" starttime="20210309 01:06:28.766" endtime="20210309 01:06:29.779"></status>
</kw>
<kw name="${i} = 8" type="foritem">
<kw name="Press Keys" library="SeleniumLibrary">
<doc>Simulates the user pressing key(s) to an element or on the active browser.</doc>
<arguments>
<arg>None</arg>
<arg>TAB</arg>
</arguments>
<msg timestamp="20210309 01:06:29.779" level="INFO">Sending key(s) ('TAB',) to page.</msg>
<msg timestamp="20210309 01:06:29.779" level="INFO">Pressing special key TAB to browser.</msg>
<msg timestamp="20210309 01:06:29.779" level="INFO">Releasing special key TAB.</msg>
<status status="PASS" starttime="20210309 01:06:29.779" endtime="20210309 01:06:30.792"></status>
</kw>
<status status="PASS" starttime="20210309 01:06:29.779" endtime="20210309 01:06:30.792"></status>
</kw>
<kw name="${i} = 9" type="foritem">
<kw name="Press Keys" library="SeleniumLibrary">
<doc>Simulates the user pressing key(s) to an element or on the active browser.</doc>
<arguments>
<arg>None</arg>
<arg>TAB</arg>
</arguments>
<msg timestamp="20210309 01:06:30.792" level="INFO">Sending key(s) ('TAB',) to page.</msg>
<msg timestamp="20210309 01:06:30.792" level="INFO">Pressing special key TAB to browser.</msg>
<msg timestamp="20210309 01:06:30.792" level="INFO">Releasing special key TAB.</msg>
<status status="PASS" starttime="20210309 01:06:30.792" endtime="20210309 01:06:31.818"></status>
</kw>
<status status="PASS" starttime="20210309 01:06:30.792" endtime="20210309 01:06:31.818"></status>
</kw>
<kw name="${i} = 10" type="foritem">
<kw name="Press Keys" library="SeleniumLibrary">
<doc>Simulates the user pressing key(s) to an element or on the active browser.</doc>
<arguments>
<arg>None</arg>
<arg>TAB</arg>
</arguments>
<msg timestamp="20210309 01:06:31.818" level="INFO">Sending key(s) ('TAB',) to page.</msg>
<msg timestamp="20210309 01:06:31.818" level="INFO">Pressing special key TAB to browser.</msg>
<msg timestamp="20210309 01:06:31.818" level="INFO">Releasing special key TAB.</msg>
<status status="PASS" starttime="20210309 01:06:31.818" endtime="20210309 01:06:32.840"></status>
</kw>
<status status="PASS" starttime="20210309 01:06:31.818" endtime="20210309 01:06:32.840"></status>
</kw>
<kw name="${i} = 11" type="foritem">
<kw name="Press Keys" library="SeleniumLibrary">
<doc>Simulates the user pressing key(s) to an element or on the active browser.</doc>
<arguments>
<arg>None</arg>
<arg>TAB</arg>
</arguments>
<msg timestamp="20210309 01:06:32.840" level="INFO">Sending key(s) ('TAB',) to page.</msg>
<msg timestamp="20210309 01:06:32.840" level="INFO">Pressing special key TAB to browser.</msg>
<msg timestamp="20210309 01:06:32.840" level="INFO">Releasing special key TAB.</msg>
<status status="PASS" starttime="20210309 01:06:32.840" endtime="20210309 01:06:33.867"></status>
</kw>
<status status="PASS" starttime="20210309 01:06:32.840" endtime="20210309 01:06:33.867"></status>
</kw>
<kw name="${i} = 12" type="foritem">
<kw name="Press Keys" library="SeleniumLibrary">
<doc>Simulates the user pressing key(s) to an element or on the active browser.</doc>
<arguments>
<arg>None</arg>
<arg>TAB</arg>
</arguments>
<msg timestamp="20210309 01:06:33.867" level="INFO">Sending key(s) ('TAB',) to page.</msg>
<msg timestamp="20210309 01:06:33.867" level="INFO">Pressing special key TAB to browser.</msg>
<msg timestamp="20210309 01:06:33.867" level="INFO">Releasing special key TAB.</msg>
<status status="PASS" starttime="20210309 01:06:33.867" endtime="20210309 01:06:34.893"></status>
</kw>
<status status="PASS" starttime="20210309 01:06:33.867" endtime="20210309 01:06:34.893"></status>
</kw>
<kw name="${i} = 13" type="foritem">
<kw name="Press Keys" library="SeleniumLibrary">
<doc>Simulates the user pressing key(s) to an element or on the active browser.</doc>
<arguments>
<arg>None</arg>
<arg>TAB</arg>
</arguments>
<msg timestamp="20210309 01:06:34.893" level="INFO">Sending key(s) ('TAB',) to page.</msg>
<msg timestamp="20210309 01:06:34.893" level="INFO">Pressing special key TAB to browser.</msg>
<msg timestamp="20210309 01:06:34.893" level="INFO">Releasing special key TAB.</msg>
<status status="PASS" starttime="20210309 01:06:34.893" endtime="20210309 01:06:35.910"></status>
</kw>
<status status="PASS" starttime="20210309 01:06:34.893" endtime="20210309 01:06:35.910"></status>
</kw>
<kw name="${i} = 14" type="foritem">
<kw name="Press Keys" library="SeleniumLibrary">
<doc>Simulates the user pressing key(s) to an element or on the active browser.</doc>
<arguments>
<arg>None</arg>
<arg>TAB</arg>
</arguments>
<msg timestamp="20210309 01:06:35.910" level="INFO">Sending key(s) ('TAB',) to page.</msg>
<msg timestamp="20210309 01:06:35.910" level="INFO">Pressing special key TAB to browser.</msg>
<msg timestamp="20210309 01:06:35.910" level="INFO">Releasing special key TAB.</msg>
<status status="PASS" starttime="20210309 01:06:35.910" endtime="20210309 01:06:36.930"></status>
</kw>
<status status="PASS" starttime="20210309 01:06:35.910" endtime="20210309 01:06:36.930"></status>
</kw>
<kw name="${i} = 15" type="foritem">
<kw name="Press Keys" library="SeleniumLibrary">
<doc>Simulates the user pressing key(s) to an element or on the active browser.</doc>
<arguments>
<arg>None</arg>
<arg>TAB</arg>
</arguments>
<msg timestamp="20210309 01:06:36.930" level="INFO">Sending key(s) ('TAB',) to page.</msg>
<msg timestamp="20210309 01:06:36.930" level="INFO">Pressing special key TAB to browser.</msg>
<msg timestamp="20210309 01:06:36.930" level="INFO">Releasing special key TAB.</msg>
<status status="PASS" starttime="20210309 01:06:36.930" endtime="20210309 01:06:37.941"></status>
</kw>
<status status="PASS" starttime="20210309 01:06:36.930" endtime="20210309 01:06:37.941"></status>
</kw>
<kw name="${i} = 16" type="foritem">
<kw name="Press Keys" library="SeleniumLibrary">
<doc>Simulates the user pressing key(s) to an element or on the active browser.</doc>
<arguments>
<arg>None</arg>
<arg>TAB</arg>
</arguments>
<msg timestamp="20210309 01:06:37.941" level="INFO">Sending key(s) ('TAB',) to page.</msg>
<msg timestamp="20210309 01:06:37.941" level="INFO">Pressing special key TAB to browser.</msg>
<msg timestamp="20210309 01:06:37.941" level="INFO">Releasing special key TAB.</msg>
<status status="PASS" starttime="20210309 01:06:37.941" endtime="20210309 01:06:38.961"></status>
</kw>
<status status="PASS" starttime="20210309 01:06:37.941" endtime="20210309 01:06:38.961"></status>
</kw>
<kw name="${i} = 17" type="foritem">
<kw name="Press Keys" library="SeleniumLibrary">
<doc>Simulates the user pressing key(s) to an element or on the active browser.</doc>
<arguments>
<arg>None</arg>
<arg>TAB</arg>
</arguments>
<msg timestamp="20210309 01:06:38.961" level="INFO">Sending key(s) ('TAB',) to page.</msg>
<msg timestamp="20210309 01:06:38.961" level="INFO">Pressing special key TAB to browser.</msg>
<msg timestamp="20210309 01:06:38.961" level="INFO">Releasing special key TAB.</msg>
<status status="PASS" starttime="20210309 01:06:38.961" endtime="20210309 01:06:39.974"></status>
</kw>
<status status="PASS" starttime="20210309 01:06:38.961" endtime="20210309 01:06:39.974"></status>
</kw>
<kw name="${i} = 18" type="foritem">
<kw name="Press Keys" library="SeleniumLibrary">
<doc>Simulates the user pressing key(s) to an element or on the active browser.</doc>
<arguments>
<arg>None</arg>
<arg>TAB</arg>
</arguments>
<msg timestamp="20210309 01:06:39.974" level="INFO">Sending key(s) ('TAB',) to page.</msg>
<msg timestamp="20210309 01:06:39.974" level="INFO">Pressing special key TAB to browser.</msg>
<msg timestamp="20210309 01:06:39.974" level="INFO">Releasing special key TAB.</msg>
<status status="PASS" starttime="20210309 01:06:39.974" endtime="20210309 01:06:40.999"></status>
</kw>
<status status="PASS" starttime="20210309 01:06:39.974" endtime="20210309 01:06:40.999"></status>
</kw>
<status status="PASS" starttime="20210309 01:06:21.659" endtime="20210309 01:06:40.999"></status>
</kw>
<kw name="Press Keys" library="SeleniumLibrary">
<doc>Simulates the user pressing key(s) to an element or on the active browser.</doc>
<arguments>
<arg>None</arg>
<arg>ENTER</arg>
</arguments>
<msg timestamp="20210309 01:06:40.999" level="INFO">Sending key(s) ('ENTER',) to page.</msg>
<msg timestamp="20210309 01:06:40.999" level="INFO">Pressing special key ENTER to browser.</msg>
<msg timestamp="20210309 01:06:40.999" level="INFO">Releasing special key ENTER.</msg>
<status status="PASS" starttime="20210309 01:06:40.999" endtime="20210309 01:06:42.078"></status>
</kw>
<status status="PASS" starttime="20210309 01:06:21.658" endtime="20210309 01:06:42.078"></status>
</kw>
<kw name="Then Page header validation" library="caseandclaimtypekeys">
<kw name="Set Selenium Speed" library="SeleniumLibrary">
<doc>Sets the delay that is waited after each Selenium command.</doc>
<arguments>
<arg>8</arg>
</arguments>
<status status="PASS" starttime="20210309 01:06:42.078" endtime="20210309 01:06:42.078"></status>
</kw>
<kw name="Page Should Contain" library="SeleniumLibrary">
<doc>Verifies that current page contains ``text``.</doc>
<arguments>
<arg>${header}</arg>
</arguments>
<msg timestamp="20210309 01:06:58.099" level="INFO">Current page contains text 'Select Case and Claim Type'.</msg>
<status status="PASS" starttime="20210309 01:06:42.078" endtime="20210309 01:06:58.099"></status>
</kw>
<status status="PASS" starttime="20210309 01:06:42.078" endtime="20210309 01:06:58.099"></status>
</kw>
<kw name="When Select Claim Type" library="caseandclaimtypekeys">
<kw name="Set Selenium Speed" library="SeleniumLibrary">
<doc>Sets the delay that is waited after each Selenium command.</doc>
<arguments>
<arg>4</arg>
</arguments>
<status status="PASS" starttime="20210309 01:06:58.099" endtime="20210309 01:06:58.099"></status>
</kw>
<kw name="Click Element" library="SeleniumLibrary">
<doc>Click the element identified by ``locator``.</doc>
<arguments>
<arg>${claim_type}</arg>
</arguments>
<msg timestamp="20210309 01:06:58.099" level="INFO">Clicking element 'id:b04d5cb82eaf1553b39113530a877168_value'.</msg>
<status status="PASS" starttime="20210309 01:06:58.099" endtime="20210309 01:07:06.255"></status>
</kw>
<kw name="Press Keys" library="SeleniumLibrary">
<doc>Simulates the user pressing key(s) to an element or on the active browser.</doc>
<arguments>
<arg>None</arg>
<arg>ENTER</arg>
</arguments>
<msg timestamp="20210309 01:07:06.255" level="INFO">Sending key(s) ('ENTER',) to page.</msg>
<msg timestamp="20210309 01:07:06.255" level="INFO">Pressing special key ENTER to browser.</msg>
<msg timestamp="20210309 01:07:06.255" level="INFO">Releasing special key ENTER.</msg>
<status status="PASS" starttime="20210309 01:07:06.255" endtime="20210309 01:07:10.337"></status>
</kw>
<status status="PASS" starttime="20210309 01:06:58.099" endtime="20210309 01:07:10.337"></status>
</kw>
<kw name="And Click on submit button" library="caseandclaimtypekeys">
<kw name="Set Selenium Speed" library="SeleniumLibrary">
<doc>Sets the delay that is waited after each Selenium command.</doc>
<arguments>
<arg>2</arg>
</arguments>
<status status="PASS" starttime="20210309 01:07:10.337" endtime="20210309 01:07:10.337"></status>
</kw>
<kw name="Click Element" library="SeleniumLibrary">
<doc>Click the element identified by ``locator``.</doc>
<arguments>
<arg>${btn_submit}</arg>
</arguments>
<msg timestamp="20210309 01:07:10.337" level="INFO">Clicking element 'xpath://button[text() = 'submit']'.</msg>
<status status="PASS" starttime="20210309 01:07:10.337" endtime="20210309 01:07:14.444"></status>
</kw>
<status status="PASS" starttime="20210309 01:07:10.337" endtime="20210309 01:07:14.444"></status>
</kw>
<kw name="Then Validate Declaration page header" library="declaration">
<kw name="Set Selenium Speed" library="SeleniumLibrary">
<doc>Sets the delay that is waited after each Selenium command.</doc>
<arguments>
<arg>2</arg>
</arguments>
<status status="PASS" starttime="20210309 01:07:14.444" endtime="20210309 01:07:14.444"></status>
</kw>
<kw name="Page Should Contain" library="SeleniumLibrary">
<doc>Verifies that current page contains ``text``.</doc>
<arguments>
<arg>${pge_header}</arg>
</arguments>
<msg timestamp="20210309 01:07:18.467" level="INFO">Current page contains text 'Declaration'.</msg>
<status status="PASS" starttime="20210309 01:07:14.444" endtime="20210309 01:07:18.467"></status>
</kw>
<status status="PASS" starttime="20210309 01:07:14.444" endtime="20210309 01:07:18.467"></status>
</kw>
<kw name="When Click on checkbox and Ok button" library="declaration">
<kw name="Set Selenium Speed" library="SeleniumLibrary">
<doc>Sets the delay that is waited after each Selenium command.</doc>
<arguments>
<arg>2</arg>
</arguments>
<status status="PASS" starttime="20210309 01:07:18.467" endtime="20210309 01:07:18.467"></status>
</kw>
<kw name="Click Element" library="SeleniumLibrary">
<doc>Click the element identified by ``locator``.</doc>
<arguments>
<arg>${check_box}</arg>
</arguments>
<msg timestamp="20210309 01:07:18.467" level="INFO">Clicking element 'xpath://input[@type='checkbox']/../label'.</msg>
<status status="PASS" starttime="20210309 01:07:18.467" endtime="20210309 01:07:22.573"></status>
</kw>
<kw name="Click Element" library="SeleniumLibrary">
<doc>Click the element identified by ``locator``.</doc>
<arguments>
<arg>${btn_ok}</arg>
</arguments>
<msg timestamp="20210309 01:07:22.573" level="INFO">Clicking element 'xpath://button[text() = 'OK']'.</msg>
<status status="PASS" starttime="20210309 01:07:22.573" endtime="20210309 01:07:26.696"></status>
</kw>
<status status="PASS" starttime="20210309 01:07:18.467" endtime="20210309 01:07:26.696"></status>
</kw>
<kw name="Then Employee Details page header validation" library="employeedetailskey">
<kw name="Set Selenium Speed" library="SeleniumLibrary">
<doc>Sets the delay that is waited after each Selenium command.</doc>
<arguments>
<arg>2</arg>
</arguments>
<status status="PASS" starttime="20210309 01:07:26.696" endtime="20210309 01:07:26.696"></status>
</kw>
<kw name="Page Should Contain" library="SeleniumLibrary">
<doc>Verifies that current page contains ``text``.</doc>
<arguments>
<arg>${pge_ed_header}</arg>
</arguments>
<msg timestamp="20210309 01:07:30.712" level="INFO">Current page contains text 'Employee Details'.</msg>
<status status="PASS" starttime="20210309 01:07:26.696" endtime="20210309 01:07:30.712"></status>
</kw>
<status status="PASS" starttime="20210309 01:07:26.696" endtime="20210309 01:07:30.712"></status>
</kw>
<kw name="When Click on continue button" library="employeedetailskey">
<kw name="Set Selenium Speed" library="SeleniumLibrary">
<doc>Sets the delay that is waited after each Selenium command.</doc>
<arguments>
<arg>2</arg>
</arguments>
<status status="PASS" starttime="20210309 01:07:30.712" endtime="20210309 01:07:30.712"></status>
</kw>
<kw name="Click Element" library="SeleniumLibrary">
<doc>Click the element identified by ``locator``.</doc>
<arguments>
<arg>${btn_continue}</arg>
</arguments>
<msg timestamp="20210309 01:07:30.712" level="INFO">Clicking element '//button[text() = 'Continue']'.</msg>
<status status="PASS" starttime="20210309 01:07:30.712" endtime="20210309 01:07:34.771"></status>
</kw>
<status status="PASS" starttime="20210309 01:07:30.712" endtime="20210309 01:07:34.771"></status>
</kw>
<kw name="Then Case Details Page header" library="casedetailskey">
<kw name="Set Selenium Speed" library="SeleniumLibrary">
<doc>Sets the delay that is waited after each Selenium command.</doc>
<arguments>
<arg>4</arg>
</arguments>
<status status="PASS" starttime="20210309 01:07:34.772" endtime="20210309 01:07:34.772"></status>
</kw>
<kw name="Page Should Contain" library="SeleniumLibrary">
<doc>Verifies that current page contains ``text``.</doc>
<arguments>
<arg>${cd_header}</arg>
</arguments>
<msg timestamp="20210309 01:07:42.818" level="INFO">Current page contains text 'Case Details'.</msg>
<status status="PASS" starttime="20210309 01:07:34.772" endtime="20210309 01:07:42.818"></status>
</kw>
<status status="PASS" starttime="20210309 01:07:34.772" endtime="20210309 01:07:42.818"></status>
</kw>
<kw name="When Click on this page continue button" library="casedetailskey">
<kw name="Set Selenium Speed" library="SeleniumLibrary">
<doc>Sets the delay that is waited after each Selenium command.</doc>
<arguments>
<arg>4</arg>
</arguments>
<status status="PASS" starttime="20210309 01:07:42.818" endtime="20210309 01:07:42.818"></status>
</kw>
<kw name="Click Element" library="SeleniumLibrary">
<doc>Click the element identified by ``locator``.</doc>
<arguments>
<arg>${btn_cd_continue}</arg>
</arguments>
<msg timestamp="20210309 01:07:42.818" level="INFO">Clicking element '//button[text() = 'Continue']'.</msg>
<status status="PASS" starttime="20210309 01:07:42.818" endtime="20210309 01:07:50.908"></status>
</kw>
<status status="PASS" starttime="20210309 01:07:42.818" endtime="20210309 01:07:50.908"></status>
</kw>
<kw name="Then Company Details page heder validation" library="companydetailskey">
<kw name="Set Selenium Speed" library="SeleniumLibrary">
<doc>Sets the delay that is waited after each Selenium command.</doc>
<arguments>
<arg>4</arg>
</arguments>
<status status="PASS" starttime="20210309 01:07:50.908" endtime="20210309 01:07:50.908"></status>
</kw>
<kw name="Page Should Contain" library="SeleniumLibrary">
<doc>Verifies that current page contains ``text``.</doc>
<arguments>
<arg>${comd_header}</arg>
</arguments>
<msg timestamp="20210309 01:07:58.942" level="INFO">Current page contains text 'Company Details'.</msg>
<status status="PASS" starttime="20210309 01:07:50.908" endtime="20210309 01:07:58.942"></status>
</kw>
<status status="PASS" starttime="20210309 01:07:50.908" endtime="20210309 01:07:58.942"></status>
</kw>
<kw name="When Click on Company Details continue button" library="companydetailskey">
<kw name="Set Selenium Speed" library="SeleniumLibrary">
<doc>Sets the delay that is waited after each Selenium command.</doc>
<arguments>
<arg>4</arg>
</arguments>
<status status="PASS" starttime="20210309 01:07:58.942" endtime="20210309 01:07:58.942"></status>
</kw>
<kw name="Click Element" library="SeleniumLibrary">
<doc>Click the element identified by ``locator``.</doc>
<arguments>
<arg>${btn_comd_continue}</arg>
</arguments>
<msg timestamp="20210309 01:07:58.942" level="INFO">Clicking element '//button[text() ='Continue']'.</msg>
<status status="PASS" starttime="20210309 01:07:58.942" endtime="20210309 01:08:07.016"></status>
</kw>
<status status="PASS" starttime="20210309 01:07:58.942" endtime="20210309 01:08:07.016"></status>
</kw>
<kw name="Then Review and Submit page header" library="reviewandsubmitkey">
<kw name="Set Selenium Speed" library="SeleniumLibrary">
<doc>Sets the delay that is waited after each Selenium command.</doc>
<arguments>
<arg>4</arg>
</arguments>
<status status="PASS" starttime="20210309 01:08:07.016" endtime="20210309 01:08:07.016"></status>
</kw>
<kw name="Page Should Contain" library="SeleniumLibrary">
<doc>Verifies that current page contains ``text``.</doc>
<arguments>
<arg>${rs_header}</arg>
</arguments>
<msg timestamp="20210309 01:08:15.032" level="INFO">Current page contains text 'Review and Submit'.</msg>
<status status="PASS" starttime="20210309 01:08:07.016" endtime="20210309 01:08:15.032"></status>
</kw>
<status status="PASS" starttime="20210309 01:08:07.016" endtime="20210309 01:08:15.032"></status>
</kw>
<kw name="When Click on review and submit page continue button" library="reviewandsubmitkey">
<kw name="Set Selenium Speed" library="SeleniumLibrary">
<doc>Sets the delay that is waited after each Selenium command.</doc>
<arguments>
<arg>4</arg>
</arguments>
<status status="PASS" starttime="20210309 01:08:15.032" endtime="20210309 01:08:15.032"></status>
</kw>
<kw name="Click Element" library="SeleniumLibrary">
<doc>Click the element identified by ``locator``.</doc>
<arguments>
<arg>${btn_rs_continue}</arg>
</arguments>
<msg timestamp="20210309 01:08:15.032" level="INFO">Clicking element '//button[text() = 'Continue']'.</msg>
<status status="PASS" starttime="20210309 01:08:15.032" endtime="20210309 01:08:23.099"></status>
</kw>
<status status="PASS" starttime="20210309 01:08:15.032" endtime="20210309 01:08:23.099"></status>
</kw>
<kw name="Then Payment Review Header Name" library="paymentreviewkey">
<kw name="Set Selenium Speed" library="SeleniumLibrary">
<doc>Sets the delay that is waited after each Selenium command.</doc>
<arguments>
<arg>4</arg>
</arguments>
<status status="PASS" starttime="20210309 01:08:23.099" endtime="20210309 01:08:23.099"></status>
</kw>
<kw name="Page Should Contain" library="SeleniumLibrary">
<doc>Verifies that current page contains ``text``.</doc>
<arguments>
<arg>${preview_header}</arg>
</arguments>
<msg timestamp="20210309 01:08:31.123" level="INFO">Current page contains text 'Payment Review'.</msg>
<status status="PASS" starttime="20210309 01:08:23.099" endtime="20210309 01:08:31.123"></status>
</kw>
<status status="PASS" starttime="20210309 01:08:23.099" endtime="20210309 01:08:31.123"></status>
</kw>
<kw name="When Payment Review Click Button Make Payment" library="paymentreviewkey">
<kw name="Set Selenium Speed" library="SeleniumLibrary">
<doc>Sets the delay that is waited after each Selenium command.</doc>
<arguments>
<arg>4</arg>
</arguments>
<status status="PASS" starttime="20210309 01:08:31.123" endtime="20210309 01:08:31.123"></status>
</kw>
<kw name="Click Element" library="SeleniumLibrary">
<doc>Click the element identified by ``locator``.</doc>
<arguments>
<arg>${bt_make_payment}</arg>
</arguments>
<msg timestamp="20210309 01:08:31.123" level="INFO">Clicking element 'xpath://button[text() = 'Make Payment']'.</msg>
<status status="PASS" starttime="20210309 01:08:31.123" endtime="20210309 01:08:39.185"></status>
</kw>
<status status="PASS" starttime="20210309 01:08:31.123" endtime="20210309 01:08:39.185"></status>
</kw>
<kw name="Then Make Payment Header validate" library="makepaymentkey">
<kw name="Set Selenium Speed" library="SeleniumLibrary">
<doc>Sets the delay that is waited after each Selenium command.</doc>
<arguments>
<arg>4</arg>
</arguments>
<status status="PASS" starttime="20210309 01:08:39.185" endtime="20210309 01:08:39.185"></status>
</kw>
<kw name="Page Should Contain" library="SeleniumLibrary">
<doc>Verifies that current page contains ``text``.</doc>
<arguments>
<arg>${mpayment}</arg>
</arguments>
<msg timestamp="20210309 01:08:47.209" level="INFO">Current page contains text 'Make Payment'.</msg>
<status status="PASS" starttime="20210309 01:08:39.185" endtime="20210309 01:08:47.209"></status>
</kw>
<status status="PASS" starttime="20210309 01:08:39.185" endtime="20210309 01:08:47.209"></status>
</kw>
<kw name="When Click on PayLah" library="makepaymentkey">
<kw name="Set Selenium Speed" library="SeleniumLibrary">
<doc>Sets the delay that is waited after each Selenium command.</doc>
<arguments>
<arg>2</arg>
</arguments>
<status status="PASS" starttime="20210309 01:08:47.209" endtime="20210309 01:08:47.209"></status>
</kw>
<kw name="Click Element" library="SeleniumLibrary">
<doc>Click the element identified by ``locator``.</doc>
<arguments>
<arg>${rdo_payLah}</arg>
</arguments>
<msg timestamp="20210309 01:08:47.209" level="INFO">Clicking element '//label[@for='64d05b233824aacce6bbd9c3f808acb3_2']'.</msg>
<status status="PASS" starttime="20210309 01:08:47.209" endtime="20210309 01:08:51.312"></status>
</kw>
<status status="PASS" starttime="20210309 01:08:47.209" endtime="20210309 01:08:51.312"></status>
</kw>
<kw name="And Click On Make Payment Continue Button" library="makepaymentkey">
<kw name="Set Selenium Speed" library="SeleniumLibrary">
<doc>Sets the delay that is waited after each Selenium command.</doc>
<arguments>
<arg>2</arg>
</arguments>
<status status="PASS" starttime="20210309 01:08:51.312" endtime="20210309 01:08:51.312"></status>
</kw>
<kw name="Click Element" library="SeleniumLibrary">
<doc>Click the element identified by ``locator``.</doc>
<arguments>
<arg>${btn_mpcontinue}</arg>
</arguments>
<msg timestamp="20210309 01:08:51.312" level="INFO">Clicking element 'xpath://button[text() = 'Continue']'.</msg>
<status status="PASS" starttime="20210309 01:08:51.312" endtime="20210309 01:08:55.362"></status>
</kw>
<status status="PASS" starttime="20210309 01:08:51.312" endtime="20210309 01:08:55.362"></status>
</kw>
<kw name="And Click On Final Continue Button In Make Payment Page" library="makepaymentkey">
<kw name="Set Selenium Speed" library="SeleniumLibrary">
<doc>Sets the delay that is waited after each Selenium command.</doc>
<arguments>
<arg>2</arg>
</arguments>
<status status="PASS" starttime="20210309 01:08:55.362" endtime="20210309 01:08:55.362"></status>
</kw>
<kw name="Click Element" library="SeleniumLibrary">
<doc>Click the element identified by ``locator``.</doc>
<arguments>
<arg>${btn_mpscontinue}</arg>
</arguments>
<msg timestamp="20210309 01:08:55.362" level="INFO">Clicking element 'xpath://button[text() = 'Continue']'.</msg>
<status status="PASS" starttime="20210309 01:08:55.362" endtime="20210309 01:08:59.431"></status>
</kw>
<status status="PASS" starttime="20210309 01:08:55.362" endtime="20210309 01:08:59.431"></status>
</kw>
<kw name="Then Acknowladgement page header" library="acknowledgementkey">
<kw name="Set Selenium Speed" library="SeleniumLibrary">
<doc>Sets the delay that is waited after each Selenium command.</doc>
<arguments>
<arg>2</arg>
</arguments>
<status status="PASS" starttime="20210309 01:08:59.431" endtime="20210309 01:08:59.431"></status>
</kw>
<kw name="Page Should Contain" library="SeleniumLibrary">
<doc>Verifies that current page contains ``text``.</doc>
<arguments>
<arg>${acknowledgement_header}</arg>
</arguments>
<msg timestamp="20210309 01:09:03.461" level="INFO">Current page contains text 'Acknowledgement'.</msg>
<status status="PASS" starttime="20210309 01:08:59.431" endtime="20210309 01:09:03.461"></status>
</kw>
<status status="PASS" starttime="20210309 01:08:59.431" endtime="20210309 01:09:03.461"></status>
</kw>
<kw name="And Verify Claim Submited" library="acknowledgementkey">
<kw name="Set Selenium Speed" library="SeleniumLibrary">
<doc>Sets the delay that is waited after each Selenium command.</doc>
<arguments>
<arg>2</arg>
</arguments>
<status status="PASS" starttime="20210309 01:09:03.461" endtime="20210309 01:09:03.461"></status>
</kw>
<kw name="Page Should Contain" library="SeleniumLibrary">
<doc>Verifies that current page contains ``text``.</doc>
<arguments>
<arg>${claim_submited}</arg>
</arguments>
<msg timestamp="20210309 01:09:07.476" level="INFO">Current page contains text 'Your claim has been submitted.'.</msg>
<status status="PASS" starttime="20210309 01:09:03.461" endtime="20210309 01:09:07.476"></status>
</kw>
<status status="PASS" starttime="20210309 01:09:03.461" endtime="20210309 01:09:07.476"></status>
</kw>
<kw name="And Verify Registration Fee Paid" library="acknowledgementkey">
<kw name="Set Selenium Speed" library="SeleniumLibrary">
<doc>Sets the delay that is waited after each Selenium command.</doc>
<arguments>
<arg>2</arg>
</arguments>
<status status="PASS" starttime="20210309 01:09:07.476" endtime="20210309 01:09:07.476"></status>
</kw>
<kw name="Page Should Contain" library="SeleniumLibrary">
<doc>Verifies that current page contains ``text``.</doc>
<arguments>
<arg>${paid_fees}</arg>
</arguments>
<msg timestamp="20210309 01:09:11.493" level="INFO">Current page contains text 'You have successfully paid your registration fee.'.</msg>
<status status="PASS" starttime="20210309 01:09:07.476" endtime="20210309 01:09:11.493"></status>
</kw>
<status status="PASS" starttime="20210309 01:09:07.476" endtime="20210309 01:09:11.493"></status>
</kw>
<tags>
<tag>regression</tag>
<tag>sanity</tag>
</tags>
<status status="PASS" starttime="20210309 01:06:14.202" endtime="20210309 01:09:11.494" critical="yes"></status>
</test>
<status status="PASS" starttime="20210309 01:06:09.717" endtime="20210309 01:09:11.495"></status>
</suite>
<statistics>
<total>
<stat pass="2" fail="0">Critical Tests</stat>
<stat pass="2" fail="0">All Tests</stat>
</total>
<tag>
<stat pass="1" fail="0">regression</stat>
<stat pass="1" fail="0">sanity</stat>
</tag>
<suite>
<stat pass="2" fail="0" id="s1" name="Employee">Employee</stat>
</suite>
</statistics>
<errors>
<msg timestamp="20210309 01:06:21.659" level="WARN">Error in file 'C:\Automation_Test\firstone\Resources\hompagekey.robot' in FOR loop starting on line 9: For loop header ': FOR' is deprecated. Use 'FOR' instead.</msg>
<msg timestamp="20210309 01:06:21.659" level="WARN">Error in file 'C:\Automation_Test\firstone\Resources\hompagekey.robot' in FOR loop starting on line 9: Marking for loop body with '\' is deprecated. Remove markers and use 'END' instead.</msg>
</errors>
</robot>
